<?xml version="1.0" encoding="UTF-8"?>
<!-- Generated by org.testng.reporters.JUnitReportReporter -->
<testsuite hostname="MWDH-Work2" failures="0" tests="1" name="ass3ExampleUsingOR_ANDTypeofXPath.ChromWebDriver" time="17.980" errors="0" timestamp="2022-07-27T05:13:28 AST" skipped="0">
  <testcase classname="ass3ExampleUsingOR_ANDTypeofXPath.ChromWebDriver" name="LearnEnglishWebSite" time="17.980"/>
  <system-out/>
</testsuite> <!-- ass3ExampleUsingOR_ANDTypeofXPath.ChromWebDriver -->
